e:\portable\pp_termproj-master\ab\ab\debug\vc142.pdb
e:\portable\pp_termproj-master\ab\ab\debug\vc142.idb
e:\portable\pp_termproj-master\ab\ab\debug\소스.obj
e:\portable\pp_termproj-master\ab\ab\debug\texts.obj
e:\portable\pp_termproj-master\ab\ab\debug\material.obj
e:\portable\pp_termproj-master\ab\ab\debug\light.obj
e:\portable\pp_termproj-master\ab\ab\debug\cannon.obj
e:\portable\pp_termproj-master\ab\ab\debug\bubble.obj
e:\portable\pp_termproj-master\ab\ab\debug\board.obj
e:\portable\pp_termproj-master\ab\ab\debug\baseobject.obj
e:\portable\pp_termproj-master\ab\ab\debug\visualboard.obj
e:\portable\pp_termproj-master\ab\ab\debug\ab.res
e:\portable\pp_termproj-master\ab\ab\debug\╝╥╜║.obj
e:\portable\pp_termproj-master\ab\debug\ab.pdb
e:\portable\pp_termproj-master\ab\debug\ab.exe
e:\portable\pp_termproj-master\ab\debug\ab.ilk
e:\portable\pp_termproj-master\ab\ab\debug\ab.tlog\cl.command.1.tlog
e:\portable\pp_termproj-master\ab\ab\debug\ab.tlog\cl.read.1.tlog
e:\portable\pp_termproj-master\ab\ab\debug\ab.tlog\cl.write.1.tlog
e:\portable\pp_termproj-master\ab\ab\debug\ab.tlog\link.command.1.tlog
e:\portable\pp_termproj-master\ab\ab\debug\ab.tlog\link.read.1.tlog
e:\portable\pp_termproj-master\ab\ab\debug\ab.tlog\link.write.1.tlog
e:\portable\pp_termproj-master\ab\ab\debug\ab.tlog\rc.command.1.tlog
e:\portable\pp_termproj-master\ab\ab\debug\ab.tlog\rc.read.1.tlog
e:\portable\pp_termproj-master\ab\ab\debug\ab.tlog\rc.write.1.tlog
